  lab2.cpp
e:\dev\lab\lab2\lab2.cpp(25): warning C4244: 'argument': conversion from 'time_t' to 'unsigned int', possible loss of data
e:\dev\lab\lab2\sortings.h(154): warning C4267: '=': conversion from 'size_t' to 'int32_t', possible loss of data
  e:\dev\lab\lab2\lab2.cpp(63): note: see reference to function template instantiation 't *insertionsort<int32_t>(const t *,size_t)' being compiled
          with
          [
              t=int32_t
          ]
e:\dev\lab\lab2\sortings.h(16): warning C4267: '=': conversion from 'size_t' to 'int32_t', possible loss of data
  e:\dev\lab\lab2\lab2.cpp(65): note: see reference to function template instantiation 't *selsort<int32_t>(const t *,size_t)' being compiled
          with
          [
              t=int32_t
          ]
e:\dev\lab\lab2\sortings.h(20): warning C4267: '=': conversion from 'size_t' to 'int32_t', possible loss of data
e:\dev\lab\lab2\sortings.h(48): warning C4267: '=': conversion from 'size_t' to 'int32_t', possible loss of data
  e:\dev\lab\lab2\lab2.cpp(73): note: see reference to function template instantiation 't *shellsort<int32_t>(const t *,size_t)' being compiled
          with
          [
              t=int32_t
          ]
e:\dev\lab\lab2\sortings.h(187): warning C4267: 'initializing': conversion from 'size_t' to 'int', possible loss of data
  e:\dev\lab\lab2\lab2.cpp(77): note: see reference to function template instantiation 't *heapSort<int32_t>(const t *,size_t,t *,bool)' being compiled
          with
          [
              t=int32_t
          ]
e:\dev\lab\lab2\sortings.h(190): warning C4267: 'initializing': conversion from 'size_t' to 'int', possible loss of data
e:\dev\lab\lab2\sortings.h(68): warning C4267: 'initializing': conversion from 'size_t' to 'int32_t', possible loss of data
  e:\dev\lab\lab2\sortings.h(93): note: see reference to function template instantiation 't split<t>(t *,size_t,size_t)' being compiled
          with
          [
              t=int32_t
          ]
  e:\dev\lab\lab2\lab2.cpp(52): note: see reference to function template instantiation 't *quicksort<int32_t>(const t *,size_t,size_t,t *,bool)' being compiled
          with
          [
              t=int32_t
          ]
e:\dev\lab\lab2\sortings.h(69): warning C4267: 'initializing': conversion from 'size_t' to 'int', possible loss of data
e:\dev\lab\lab2\sortings.h(161): warning C4267: 'initializing': conversion from 'size_t' to 'int32_t', possible loss of data
  e:\dev\lab\lab2\sortings.h(188): note: see reference to function template instantiation 'void heapify<t>(t *,size_t,size_t)' being compiled
          with
          [
              t=int32_t
          ]
  e:\dev\lab\lab2\lab2.cpp(77): note: see reference to function template instantiation 't *heapSort<int32_t>(const t *,size_t,t *,bool)' being compiled
          with
          [
              t=int32_t
          ]
e:\dev\lab\lab2\sortings.h(162): warning C4267: 'initializing': conversion from 'size_t' to 'int32_t', possible loss of data
e:\dev\lab\lab2\sortings.h(163): warning C4267: 'initializing': conversion from 'size_t' to 'int32_t', possible loss of data
  lab2.vcxproj -> E:\dev\lab\lab2\x64\Debug\lab2.exe
