  lab2.cpp
e:\dev\lab\lab2\lab2.cpp(232): warning C4244: 'argument': conversion from 'time_t' to 'unsigned int', possible loss of data
e:\dev\lab\lab2\lab2.cpp(138): warning C4244: 'initializing': conversion from 'int64_t' to 'int', possible loss of data
  e:\dev\lab\lab2\lab2.cpp(241): note: see reference to function template instantiation 't *quicksort<int64_t>(t *,size_t,size_t,t *,bool)' being compiled
          with
          [
              t=int64_t
          ]
e:\dev\lab\lab2\lab2.cpp(110): warning C4018: '<': signed/unsigned mismatch
  e:\dev\lab\lab2\lab2.cpp(138): note: see reference to function template instantiation 't split<t>(t *,size_t,size_t)' being compiled
          with
          [
              t=int64_t
          ]
  e:\dev\lab\lab2\lab2.cpp(241): note: see reference to function template instantiation 't *quicksort<int64_t>(t *,size_t,size_t,t *,bool)' being compiled
          with
          [
              t=int64_t
          ]
  Generating code
  2 of 18 functions (11.1%) were compiled, the rest were copied from previous compilation.
    0 functions were new in current compilation
    0 functions had inline decision re-evaluated but remain unchanged
  Finished generating code
  lab2.vcxproj -> E:\dev\lab\lab2\Release\lab2.exe
